\BOOKMARK [0][-]{chapter*.1}{Agradecimientos}{}% 1
\BOOKMARK [0][-]{chapter*.2}{Resumen}{}% 2
\BOOKMARK [0][-]{chapter*.4}{Abstract}{}% 3
\BOOKMARK [0][-]{chapter.1}{Introduction}{}% 4
\BOOKMARK [1][-]{section.1.1}{Estado del arte}{chapter.1}% 5
\BOOKMARK [1][-]{section.1.2}{Motivaci\363n del proyecto}{chapter.1}% 6
\BOOKMARK [1][-]{section.1.3}{Estructura del documento}{chapter.1}% 7
\BOOKMARK [0][-]{chapter.2}{State of the art}{}% 8
\BOOKMARK [1][-]{section.2.1}{Gesture Recognition}{chapter.2}% 9
\BOOKMARK [1][-]{section.2.2}{Machine Learning}{chapter.2}% 10
\BOOKMARK [0][-]{chapter.3}{Analysis, design and implementation}{}% 11
\BOOKMARK [1][-]{section.3.1}{Definition of the problem}{chapter.3}% 12
\BOOKMARK [1][-]{section.3.2}{My solution}{chapter.3}% 13
\BOOKMARK [1][-]{section.3.3}{Data extraction}{chapter.3}% 14
\BOOKMARK [1][-]{section.3.4}{Preprocess Data}{chapter.3}% 15
\BOOKMARK [2][-]{subsection.3.4.1}{Attributes extraction}{section.3.4}% 16
\BOOKMARK [2][-]{subsection.3.4.2}{Standardization, or mean removal and variance scaling}{section.3.4}% 17
\BOOKMARK [1][-]{section.3.5}{Data Modelling}{chapter.3}% 18
\BOOKMARK [2][-]{subsection.3.5.1}{Parametric algorithms}{section.3.5}% 19
\BOOKMARK [2][-]{subsection.3.5.2}{Non Parametric algorithms}{section.3.5}% 20
\BOOKMARK [1][-]{section.3.6}{Evaluation}{chapter.3}% 21
\BOOKMARK [0][-]{chapter.4}{Conclusiones}{}% 22
\BOOKMARK [1][-]{section.4.1}{Conclusi\363n}{chapter.4}% 23
\BOOKMARK [1][-]{section.4.2}{Desarrollos futuros}{chapter.4}% 24
\BOOKMARK [0][-]{section.4.2}{Bibliograf\355a}{}% 25
