This is pdfTeX, Version 3.1415926-2.5-1.40.14 (TeX Live 2013/Debian) (format=pdflatex 2015.5.18)  2 SEP 2015 11:46
entering extended mode
 restricted \write18 enabled.
 %&-line parsing enabled.
**PFC.tex
(./PFC.tex
LaTeX2e <2011/06/27>
Babel <3.9h> and hyphenation patterns for 78 languages loaded.
(/usr/share/texlive/texmf-dist/tex/latex/base/book.cls
Document Class: book 2007/10/19 v1.4h Standard LaTeX document class
(/usr/share/texlive/texmf-dist/tex/latex/base/bk12.clo
File: bk12.clo 2007/10/19 v1.4h Standard LaTeX file (size option)
)
\c@part=\count79
\c@chapter=\count80
\c@section=\count81
\c@subsection=\count82
\c@subsubsection=\count83
\c@paragraph=\count84
\c@subparagraph=\count85
\c@figure=\count86
\c@table=\count87
\abovecaptionskip=\skip41
\belowcaptionskip=\skip42
\bibindent=\dimen102
)
(/usr/share/texlive/texmf-dist/tex/generic/babel/babel.sty
Package: babel 2013/12/03 3.9h The Babel package

(/usr/share/texlive/texmf-dist/tex/generic/babel-spanish/spanish.ldf
Language: spanish.ldf 2014/01/29 v5.0m Spanish support from the babel system

(/usr/share/texlive/texmf-dist/tex/generic/babel/babel.def
File: babel.def 2013/12/03 3.9h Babel common definitions
\babel@savecnt=\count88
\U@D=\dimen103
)
\es@datefmt=\count89
\es@quottoks=\toks14
\es@quotdepth=\count90
Package babel Info: Making " an active character on input line 496.
Package babel Info: Making . an active character on input line 599.
Package babel Info: Making < an active character on input line 644.
Package babel Info: Making > an active character on input line 644.
))
(/usr/share/texlive/texmf-dist/tex/latex/graphics/graphicx.sty
Package: graphicx 1999/02/16 v1.0f Enhanced LaTeX Graphics (DPC,SPQR)

(/usr/share/texlive/texmf-dist/tex/latex/graphics/keyval.sty
Package: keyval 1999/03/16 v1.13 key=value parser (DPC)
\KV@toks@=\toks15
)
(/usr/share/texlive/texmf-dist/tex/latex/graphics/graphics.sty
Package: graphics 2009/02/05 v1.0o Standard LaTeX Graphics (DPC,SPQR)

(/usr/share/texlive/texmf-dist/tex/latex/graphics/trig.sty
Package: trig 1999/03/16 v1.09 sin cos tan (DPC)
)
(/usr/share/texlive/texmf-dist/tex/latex/latexconfig/graphics.cfg
File: graphics.cfg 2010/04/23 v1.9 graphics configuration of TeX Live
)
Package graphics Info: Driver file: dvips.def on input line 91.

(/usr/share/texlive/texmf-dist/tex/latex/graphics/dvips.def
File: dvips.def 1999/02/16 v3.0i Driver-dependant file (DPC,SPQR)
))
\Gin@req@height=\dimen104
\Gin@req@width=\dimen105
)
(/usr/share/texlive/texmf-dist/tex/latex/wrapfig/wrapfig.sty
\wrapoverhang=\dimen106
\WF@size=\dimen107
\c@WF@wrappedlines=\count91
\WF@box=\box26
\WF@everypar=\toks16
Package: wrapfig 2003/01/31  v 3.6
)
(/usr/share/texlive/texmf-dist/tex/latex/amsmath/amsmath.sty
Package: amsmath 2013/01/14 v2.14 AMS math features
\@mathmargin=\skip43

For additional information on amsmath, use the `?' option.
(/usr/share/texlive/texmf-dist/tex/latex/amsmath/amstext.sty
Package: amstext 2000/06/29 v2.01

(/usr/share/texlive/texmf-dist/tex/latex/amsmath/amsgen.sty
File: amsgen.sty 1999/11/30 v2.0
\@emptytoks=\toks17
\ex@=\dimen108
))
(/usr/share/texlive/texmf-dist/tex/latex/amsmath/amsbsy.sty
Package: amsbsy 1999/11/29 v1.2d
\pmbraise@=\dimen109
)
(/usr/share/texlive/texmf-dist/tex/latex/amsmath/amsopn.sty
Package: amsopn 1999/12/14 v2.01 operator names
)
\inf@bad=\count92
LaTeX Info: Redefining \frac on input line 210.
\uproot@=\count93
\leftroot@=\count94
LaTeX Info: Redefining \overline on input line 306.
\classnum@=\count95
\DOTSCASE@=\count96
LaTeX Info: Redefining \ldots on input line 378.
LaTeX Info: Redefining \dots on input line 381.
LaTeX Info: Redefining \cdots on input line 466.
\Mathstrutbox@=\box27
\strutbox@=\box28
\big@size=\dimen110
LaTeX Font Info:    Redeclaring font encoding OML on input line 566.
LaTeX Font Info:    Redeclaring font encoding OMS on input line 567.
\macc@depth=\count97
\c@MaxMatrixCols=\count98
\dotsspace@=\muskip10
\c@parentequation=\count99
\dspbrk@lvl=\count100
\tag@help=\toks18
\row@=\count101
\column@=\count102
\maxfields@=\count103
\andhelp@=\toks19
\eqnshift@=\dimen111
\alignsep@=\dimen112
\tagshift@=\dimen113
\tagwidth@=\dimen114
\totwidth@=\dimen115
\lineht@=\dimen116
\@envbody=\toks20
\multlinegap=\skip44
\multlinetaggap=\skip45
\mathdisplay@stack=\toks21
LaTeX Info: Redefining \[ on input line 2665.
LaTeX Info: Redefining \] on input line 2666.
)
(/usr/share/texlive/texmf-dist/tex/latex/amsfonts/amssymb.sty
Package: amssymb 2013/01/14 v3.01 AMS font symbols

(/usr/share/texlive/texmf-dist/tex/latex/amsfonts/amsfonts.sty
Package: amsfonts 2013/01/14 v3.01 Basic AMSFonts support
\symAMSa=\mathgroup4
\symAMSb=\mathgroup5
LaTeX Font Info:    Overwriting math alphabet `\mathfrak' in version `bold'
(Font)                  U/euf/m/n --> U/euf/b/n on input line 106.
))
(/usr/share/texlive/texmf-dist/tex/latex/subfigure/subfigure.sty
Package: subfigure 2002/03/15 v2.1.5 subfigure package
\subfigtopskip=\skip46
\subfigcapskip=\skip47
\subfigcaptopadj=\dimen117
\subfigbottomskip=\skip48
\subfigcapmargin=\dimen118
\subfiglabelskip=\skip49
\c@subfigure=\count104
\c@lofdepth=\count105
\c@subtable=\count106
\c@lotdepth=\count107

****************************************
* Local config file subfigure.cfg used *
****************************************
(/usr/share/texlive/texmf-dist/tex/latex/subfigure/subfigure.cfg)
\subfig@top=\skip50
\subfig@bottom=\skip51
)
(/usr/share/texlive/texmf-dist/tex/latex/graphics/color.sty
Package: color 2005/11/14 v1.0j Standard LaTeX Color (DPC)

(/usr/share/texlive/texmf-dist/tex/latex/latexconfig/color.cfg
File: color.cfg 2007/01/18 v1.5 color configuration of teTeX/TeXLive
)
Package color Info: Driver file: pdftex.def on input line 130.

(/usr/share/texlive/texmf-dist/tex/latex/pdftex-def/pdftex.def
File: pdftex.def 2011/05/27 v0.06d Graphics/color for pdfTeX

(/usr/share/texlive/texmf-dist/tex/generic/oberdiek/infwarerr.sty
Package: infwarerr 2010/04/08 v1.3 Providing info/warning/error messages (HO)
)
(/usr/share/texlive/texmf-dist/tex/generic/oberdiek/ltxcmds.sty
Package: ltxcmds 2011/11/09 v1.22 LaTeX kernel commands for general use (HO)
)
\Gread@gobject=\count108
))
(/usr/share/texlive/texmf-dist/tex/latex/oberdiek/epstopdf.sty
Package: epstopdf 2010/02/09 v2.5 Conversion with epstopdf on the fly (HO)

(/usr/share/texlive/texmf-dist/tex/latex/oberdiek/epstopdf-base.sty
Package: epstopdf-base 2010/02/09 v2.5 Base part for package epstopdf

(/usr/share/texlive/texmf-dist/tex/latex/oberdiek/grfext.sty
Package: grfext 2010/08/19 v1.1 Manage graphics extensions (HO)

(/usr/share/texlive/texmf-dist/tex/generic/oberdiek/kvdefinekeys.sty
Package: kvdefinekeys 2011/04/07 v1.3 Define keys (HO)
))
(/usr/share/texlive/texmf-dist/tex/latex/oberdiek/kvoptions.sty
Package: kvoptions 2011/06/30 v3.11 Key value format for package options (HO)

(/usr/share/texlive/texmf-dist/tex/generic/oberdiek/kvsetkeys.sty
Package: kvsetkeys 2012/04/25 v1.16 Key value parser (HO)

(/usr/share/texlive/texmf-dist/tex/generic/oberdiek/etexcmds.sty
Package: etexcmds 2011/02/16 v1.5 Avoid name clashes with e-TeX commands (HO)

(/usr/share/texlive/texmf-dist/tex/generic/oberdiek/ifluatex.sty
Package: ifluatex 2010/03/01 v1.3 Provides the ifluatex switch (HO)
Package ifluatex Info: LuaTeX not detected.
)
Package etexcmds Info: Could not find \expanded.
(etexcmds)             That can mean that you are not using pdfTeX 1.50 or
(etexcmds)             that some package has redefined \expanded.
(etexcmds)             In the latter case, load this package earlier.
)))
(/usr/share/texlive/texmf-dist/tex/generic/oberdiek/pdftexcmds.sty
Package: pdftexcmds 2011/11/29 v0.20 Utility functions of pdfTeX for LuaTeX (HO
)

(/usr/share/texlive/texmf-dist/tex/generic/oberdiek/ifpdf.sty
Package: ifpdf 2011/01/30 v2.3 Provides the ifpdf switch (HO)
Package ifpdf Info: pdfTeX in PDF mode is detected.
)
Package pdftexcmds Info: LuaTeX not detected.
Package pdftexcmds Info: \pdf@primitive is available.
Package pdftexcmds Info: \pdf@ifprimitive is available.
Package pdftexcmds Info: \pdfdraftmode found.
)
Package epstopdf-base Info: Redefining graphics rule for `.eps' on input line 4
34.
Package grfext Info: Graphics extension search list:
(grfext)             [.png,.pdf,.jpg,.mps,.jpeg,.jbig2,.jb2,.PNG,.PDF,.JPG,.JPE
G,.JBIG2,.JB2,.eps]
(grfext)             \AppendGraphicsExtensions on input line 452.

(/usr/share/texlive/texmf-dist/tex/latex/latexconfig/epstopdf-sys.cfg
File: epstopdf-sys.cfg 2010/07/13 v1.3 Configuration of (r)epstopdf for TeX Liv
e
)))
(/usr/share/texlive/texmf-dist/tex/latex/base/fontenc.sty
Package: fontenc 2005/09/27 v1.99g Standard LaTeX package

(/usr/share/texlive/texmf-dist/tex/latex/base/t1enc.def
File: t1enc.def 2005/09/27 v1.99g Standard LaTeX file
LaTeX Font Info:    Redeclaring font encoding T1 on input line 43.
))
(/usr/share/texlive/texmf-dist/tex/latex/ae/ae.sty
Package: ae 2001/02/12 1.3 Almost European Computer Modern

(/usr/share/texlive/texmf-dist/tex/latex/base/fontenc.sty
Package: fontenc 2005/09/27 v1.99g Standard LaTeX package

(/usr/share/texlive/texmf-dist/tex/latex/base/t1enc.def
File: t1enc.def 2005/09/27 v1.99g Standard LaTeX file
LaTeX Font Info:    Redeclaring font encoding T1 on input line 43.
)
LaTeX Font Info:    Try loading font information for T1+aer on input line 100.

(/usr/share/texlive/texmf-dist/tex/latex/ae/t1aer.fd
File: t1aer.fd 1997/11/16 Font definitions for T1/aer.
)))
(/usr/share/texlive/texmf-dist/tex/latex/ae/aecompl.sty
Package: aecompl 1998/07/23 0.9 T1 Complements for AE fonts (D. Roegel)
)
(/usr/share/texlive/texmf-dist/tex/latex/graphics/epsfig.sty
Package: epsfig 1999/02/16 v1.7a (e)psfig emulation (SPQR)
\epsfxsize=\dimen119
\epsfysize=\dimen120
)
(/usr/share/texlive/texmf-dist/tex/latex/base/latexsym.sty
Package: latexsym 1998/08/17 v2.2e Standard LaTeX package (lasy symbols)
\symlasy=\mathgroup6
LaTeX Font Info:    Overwriting symbol font `lasy' in version `bold'
(Font)                  U/lasy/m/n --> U/lasy/b/n on input line 47.
)
(/usr/share/texlive/texmf-dist/tex/latex/fancyhdr/fancyhdr.sty
\fancy@headwidth=\skip52
\f@ncyO@elh=\skip53
\f@ncyO@erh=\skip54
\f@ncyO@olh=\skip55
\f@ncyO@orh=\skip56
\f@ncyO@elf=\skip57
\f@ncyO@erf=\skip58
\f@ncyO@olf=\skip59
\f@ncyO@orf=\skip60
)
(/usr/share/texlive/texmf-dist/tex/latex/boxedminipage/boxedminipage.sty)
(/usr/share/texlive/texmf-dist/tex/latex/shadow/shadow.sty
Package: shadow 2003/02/19 v1.3 shadow boxes (M.O.)
\txtwdth=\dimen121
\sht=\dimen122
\shw=\dimen123
\shbox=\box29
\sboxsep=\dimen124
\sboxrule=\dimen125
\sdim=\dimen126
)
(/usr/share/texlive/texmf-dist/tex/latex/titlesec/titlesec.sty
Package: titlesec 2011/12/15 v2.10.0 Sectioning titles
\ttl@box=\box30
\beforetitleunit=\skip61
\aftertitleunit=\skip62
\ttl@plus=\dimen127
\ttl@minus=\dimen128
\ttl@toksa=\toks22
\titlewidth=\dimen129
\titlewidthlast=\dimen130
\titlewidthfirst=\dimen131
)
(/usr/share/texlive/texmf-dist/tex/latex/tools/array.sty
Package: array 2008/09/09 v2.4c Tabular extension package (FMi)
\col@sep=\dimen132
\extrarowheight=\dimen133
\NC@list=\toks23
\extratabsurround=\skip63
\backup@length=\skip64
)
(/usr/share/texlive/texmf-dist/tex/latex/eurosym/eurosym.sty
Package: eurosym 1998/08/06 v1.1 European currency symbol ``Euro''
\@eurobox=\box31
)
(/usr/share/texlive/texmf-dist/tex/latex/appendix/appendix.sty
Package: appendix 2009/09/02 v1.2b extra appendix facilities
\c@@pps=\count109
\c@@ppsavesec=\count110
\c@@ppsaveapp=\count111
)
(/usr/share/texlive/texmf-dist/tex/latex/placeins/placeins.sty
Package: placeins 2005/04/18  v 2.2
)
(/usr/share/texlive/texmf-dist/tex/latex/multirow/multirow.sty
\bigstrutjot=\dimen134
)
(/usr/share/texlive/texmf-dist/tex/latex/caption/caption.sty
Package: caption 2013/05/02 v3.3-89 Customizing captions (AR)

(/usr/share/texlive/texmf-dist/tex/latex/caption/caption3.sty
Package: caption3 2013/05/02 v1.6-88 caption3 kernel (AR)
Package caption3 Info: TeX engine: e-TeX on input line 57.
\captionmargin=\dimen135
\captionmargin@=\dimen136
\captionwidth=\dimen137
\caption@tempdima=\dimen138
\caption@indent=\dimen139
\caption@parindent=\dimen140
\caption@hangindent=\dimen141
)
\c@ContinuedFloat=\count112
Package caption Info: subfigure package is loaded.
Package caption Info: wrapfig package is loaded.
)
(/usr/share/texlive/texmf-dist/tex/latex/rotating/rotating.sty
Package: rotating 2009/03/28 v2.16a rotated objects in LaTeX

(/usr/share/texlive/texmf-dist/tex/latex/base/ifthen.sty
Package: ifthen 2001/05/26 v1.1c Standard LaTeX ifthen package (DPC)
)
\c@r@tfl@t=\count113
\rotFPtop=\skip65
\rotFPbot=\skip66
\rot@float@box=\box32
\rot@mess@toks=\toks24
) (./PFC.aux
LaTeX Info: Redefining \. on input line 6.
LaTeX Info: Redefining \% on input line 6.
)
\openout1 = `PFC.aux'.

LaTeX Font Info:    Checking defaults for OML/cmm/m/it on input line 103.
LaTeX Font Info:    ... okay on input line 103.
LaTeX Font Info:    Checking defaults for T1/cmr/m/n on input line 103.
LaTeX Font Info:    ... okay on input line 103.
LaTeX Font Info:    Checking defaults for OT1/cmr/m/n on input line 103.
LaTeX Font Info:    ... okay on input line 103.
LaTeX Font Info:    Checking defaults for OMS/cmsy/m/n on input line 103.
LaTeX Font Info:    ... okay on input line 103.
LaTeX Font Info:    Checking defaults for OMX/cmex/m/n on input line 103.
LaTeX Font Info:    ... okay on input line 103.
LaTeX Font Info:    Checking defaults for U/cmr/m/n on input line 103.
LaTeX Font Info:    ... okay on input line 103.
LaTeX Info: Redefining \. on input line 103.
LaTeX Info: Redefining \% on input line 103.

(/usr/share/texlive/texmf-dist/tex/context/base/supp-pdf.mkii
[Loading MPS to PDF converter (version 2006.09.02).]
\scratchcounter=\count114
\scratchdimen=\dimen142
\scratchbox=\box33
\nofMPsegments=\count115
\nofMParguments=\count116
\everyMPshowfont=\toks25
\MPscratchCnt=\count117
\MPscratchDim=\dimen143
\MPnumerator=\count118
\makeMPintoPDFobject=\count119
\everyMPtoPDFconversion=\toks26
)
Package caption Info: Begin \AtBeginDocument code.
Package caption Info: rotating package is loaded.
Package caption Info: End \AtBeginDocument code.
 (./portada.tex <./logo_uc3m.jpeg, id=1, 123.46124pt x 123.46124pt>
File: ./logo_uc3m.jpeg Graphic file (type jpg)

<use ./logo_uc3m.jpeg>
Package pdftex.def Info: ./logo_uc3m.jpeg used on input line 14.
(pdftex.def)             Requested size: 117.00119pt x 117.00679pt.
 [1


{/var/lib/texmf/fonts/map/pdftex/updmap/pdftex.map} <./logo_uc3m.jpeg>]) [2

] [3] [4]
Underfull \hbox (badness 10000) in paragraph at lines 201--203

 []


Underfull \hbox (badness 10000) in paragraph at lines 204--205

 []

[5] [6

] (./PFC.toc)
\tf@toc=\write3
\openout3 = `PFC.toc'.

 [7

]
LaTeX Font Info:    Try loading font information for T1+aess on input line 219.

 (/usr/share/texlive/texmf-dist/tex/latex/ae/t1aess.fd
File: t1aess.fd 1997/11/16 Font definitions for T1/aess.
)

LaTeX Font Warning: Font shape `T1/aess/m/sc' undefined
(Font)              using `T1/aess/m/n' instead on input line 219.

LaTeX Info: Redefining \. on input line 219.
LaTeX Info: Redefining \% on input line 219.

Package Fancyhdr Warning: \headheight is too small (12.0pt): 
 Make it at least 14.49998pt.
 We now make it that large for the rest of the document.
 This may cause the page layout to be inconsistent, however.

[8

] (./PFC.lof)
\tf@lof=\write4
\openout4 = `PFC.lof'.

 [9]
LaTeX Info: Redefining \. on input line 220.
LaTeX Info: Redefining \% on input line 220.
 [10

] (./PFC.lot)
\tf@lot=\write5
\openout5 = `PFC.lot'.

 [11]
LaTeX Info: Redefining \. on input line 229.
LaTeX Info: Redefining \% on input line 229.
 [12

]
Cap\'{\i }tulo 1.
(./capitulo1/1_Introduccion.tex

LaTeX Warning: Citation `Foschini98' on page 13 undefined on input line 7.


LaTeX Warning: Citation `LTE' on page 13 undefined on input line 7.

[13]
LaTeX Font Info:    Try loading font information for U+msa on input line 23.
 (/usr/share/texlive/texmf-dist/tex/latex/amsfonts/umsa.fd
File: umsa.fd 2013/01/14 v3.01 AMS symbols A
)
LaTeX Font Info:    Try loading font information for U+msb on input line 23.

(/usr/share/texlive/texmf-dist/tex/latex/amsfonts/umsb.fd
File: umsb.fd 2013/01/14 v3.01 AMS symbols B
)
LaTeX Font Info:    Try loading font information for U+lasy on input line 23.

(/usr/share/texlive/texmf-dist/tex/latex/base/ulasy.fd
File: ulasy.fd 1998/08/17 v2.2e LaTeX symbol font definitions
)
LaTeX Info: Redefining \. on input line 58.
LaTeX Info: Redefining \% on input line 58.
 [14]
LaTeX Info: Redefining \. on input line 72.
LaTeX Info: Redefining \% on input line 72.
 [15])
LaTeX Info: Redefining \. on input line 236.
LaTeX Info: Redefining \% on input line 236.
 [16]
Cap\'{\i }tulo 2.
(./capitulo2/2_modelo.tex

LaTeX Warning: Citation `Chizhik04' on page 17 undefined on input line 4.


LaTeX Warning: Citation `mati' on page 17 undefined on input line 4.


LaTeX Warning: Citation `Xu04' on page 17 undefined on input line 47.


LaTeX Warning: Citation `Chizhik04' on page 17 undefined on input line 48.


Underfull \vbox (badness 6927) has occurred while \output is active []

 [17

]

LaTeX Warning: Citation `Xu04' on page 18 undefined on input line 86.


LaTeX Warning: Citation `Kermoal01' on page 18 undefined on input line 88.

LaTeX Info: Redefining \. on input line 91.
LaTeX Info: Redefining \% on input line 91.
[18]) [19]
LaTeX Info: Redefining \. on input line 243.
LaTeX Info: Redefining \% on input line 243.
 [20

]
Cap\'{\i }tulo 3.
(./capitulo3/3_capacidad.tex

LaTeX Warning: Citation `Goldsmith_book' on page 21 undefined on input line 4.


LaTeX Warning: Citation `Biglieri' on page 21 undefined on input line 6.


Underfull \vbox (badness 10000) has occurred while \output is active []

 [21]
LaTeX Info: Redefining \. on input line 28.
LaTeX Info: Redefining \% on input line 28.

[22]
LaTeX Info: Redefining \. on input line 67.
LaTeX Info: Redefining \% on input line 67.
 [23]
LaTeX Info: Redefining \. on input line 106.
LaTeX Info: Redefining \% on input line 106.
 [24]
LaTeX Info: Redefining \. on input line 125.
LaTeX Info: Redefining \% on input line 125.
 [25]

LaTeX Warning: Citation `Huang' on page 26 undefined on input line 134.

LaTeX Info: Redefining \. on input line 142.
LaTeX Info: Redefining \% on input line 142.
[26]
LaTeX Info: Redefining \. on input line 179.
LaTeX Info: Redefining \% on input line 179.
 [27]

LaTeX Warning: Citation `Lee73' on page 28 undefined on input line 184.


LaTeX Warning: Citation `Shiu00' on page 28 undefined on input line 184.


LaTeX Warning: Citation `Chizhik00' on page 28 undefined on input line 184.


LaTeX Warning: Citation `Pedersen00' on page 28 undefined on input line 184.


LaTeX Warning: Citation `Xu04' on page 28 undefined on input line 184.

LaTeX Info: Redefining \. on input line 199.
LaTeX Info: Redefining \% on input line 199.
[28]

LaTeX Warning: Citation `Jafar04' on page 29 undefined on input line 217.


LaTeX Warning: Citation `Visotsky01' on page 29 undefined on input line 217.


LaTeX Warning: Citation `Tulino04' on page 29 undefined on input line 217.


LaTeX Warning: Citation `Tulino04' on page 29 undefined on input line 221.


LaTeX Warning: Citation `Tulino04' on page 29 undefined on input line 223.

LaTeX Info: Redefining \. on input line 224.
LaTeX Info: Redefining \% on input line 224.
[29]
LaTeX Info: Redefining \. on input line 259.
LaTeX Info: Redefining \% on input line 259.
 [30]

LaTeX Warning: Citation `Tulino05' on page 31 undefined on input line 280.

LaTeX Info: Redefining \. on input line 289.
LaTeX Info: Redefining \% on input line 289.
[31]
Package epstopdf Info: Source file: <figuras/CSIT_CDIT_ASD10_dt05.eps>
(epstopdf)                    date: 2015-07-18 13:20:09
(epstopdf)                    size: 20899 bytes
(epstopdf)             Output file: <figuras/CSIT_CDIT_ASD10_dt05-eps-converted
-to.pdf>
(epstopdf)                    date: 2015-07-18 13:20:09
(epstopdf)                    size: 13038 bytes
(epstopdf)             Command: <repstopdf --outfile=figuras/CSIT_CDIT_ASD10_dt
05-eps-converted-to.pdf figuras/CSIT_CDIT_ASD10_dt05.eps>
(epstopdf)             \includegraphics on input line 303.
Package epstopdf Info: Output file is already uptodate.

<figuras/CSIT_CDIT_ASD10_dt05-eps-converted-to.pdf, id=130, 561.09625pt x 423.5
825pt>
File: figuras/CSIT_CDIT_ASD10_dt05-eps-converted-to.pdf Graphic file (type pdf)

 <use figuras/CSIT_CDIT_ASD10_dt05-eps-converted-to.pdf>
Package pdftex.def Info: figuras/CSIT_CDIT_ASD10_dt05-eps-converted-to.pdf used
 on input line 303.
(pdftex.def)             Requested size: 561.09488pt x 423.58147pt.
Package epstopdf Info: Source file: <figuras/CSIT_CDIT_ASD20_dt05.eps>
(epstopdf)                    date: 2015-07-18 13:20:09
(epstopdf)                    size: 21034 bytes
(epstopdf)             Output file: <figuras/CSIT_CDIT_ASD20_dt05-eps-converted
-to.pdf>
(epstopdf)                    date: 2015-07-18 13:20:09
(epstopdf)                    size: 13149 bytes
(epstopdf)             Command: <repstopdf --outfile=figuras/CSIT_CDIT_ASD20_dt
05-eps-converted-to.pdf figuras/CSIT_CDIT_ASD20_dt05.eps>
(epstopdf)             \includegraphics on input line 304.
Package epstopdf Info: Output file is already uptodate.

<figuras/CSIT_CDIT_ASD20_dt05-eps-converted-to.pdf, id=131, 561.09625pt x 421.5
75pt>
File: figuras/CSIT_CDIT_ASD20_dt05-eps-converted-to.pdf Graphic file (type pdf)

 <use figuras/CSIT_CDIT_ASD20_dt05-eps-converted-to.pdf>
Package pdftex.def Info: figuras/CSIT_CDIT_ASD20_dt05-eps-converted-to.pdf used
 on input line 304.
(pdftex.def)             Requested size: 561.09488pt x 421.57396pt.


LaTeX Warning: Float too large for page by 30.18803pt on input line 307.

Package epstopdf Info: Source file: <figuras/CSIT_CDIT_ASD10_dt1.eps>
(epstopdf)                    date: 2015-07-18 13:20:09
(epstopdf)                    size: 21033 bytes
(epstopdf)             Output file: <figuras/CSIT_CDIT_ASD10_dt1-eps-converted-
to.pdf>
(epstopdf)                    date: 2015-07-18 13:20:09
(epstopdf)                    size: 13150 bytes
(epstopdf)             Command: <repstopdf --outfile=figuras/CSIT_CDIT_ASD10_dt
1-eps-converted-to.pdf figuras/CSIT_CDIT_ASD10_dt1.eps>
(epstopdf)             \includegraphics on input line 311.
Package epstopdf Info: Output file is already uptodate.

<figuras/CSIT_CDIT_ASD10_dt1-eps-converted-to.pdf, id=132, 561.09625pt x 421.57
5pt>
File: figuras/CSIT_CDIT_ASD10_dt1-eps-converted-to.pdf Graphic file (type pdf)
 <use figuras/CSIT_CDIT_ASD10_dt1-eps-converted-to.pdf>
Package pdftex.def Info: figuras/CSIT_CDIT_ASD10_dt1-eps-converted-to.pdf used 
on input line 311.
(pdftex.def)             Requested size: 561.09488pt x 421.57396pt.
Package epstopdf Info: Source file: <figuras/CSIT_CDIT_ASD20_dt1.eps>
(epstopdf)                    date: 2015-07-18 13:20:09
(epstopdf)                    size: 21106 bytes
(epstopdf)             Output file: <figuras/CSIT_CDIT_ASD20_dt1-eps-converted-
to.pdf>
(epstopdf)                    date: 2015-07-18 13:20:09
(epstopdf)                    size: 13153 bytes
(epstopdf)             Command: <repstopdf --outfile=figuras/CSIT_CDIT_ASD20_dt
1-eps-converted-to.pdf figuras/CSIT_CDIT_ASD20_dt1.eps>
(epstopdf)             \includegraphics on input line 312.
Package epstopdf Info: Output file is already uptodate.

<figuras/CSIT_CDIT_ASD20_dt1-eps-converted-to.pdf, id=133, 561.09625pt x 421.57
5pt>
File: figuras/CSIT_CDIT_ASD20_dt1-eps-converted-to.pdf Graphic file (type pdf)
 <use figuras/CSIT_CDIT_ASD20_dt1-eps-converted-to.pdf>
Package pdftex.def Info: figuras/CSIT_CDIT_ASD20_dt1-eps-converted-to.pdf used 
on input line 312.
(pdftex.def)             Requested size: 561.09488pt x 421.57396pt.


LaTeX Warning: Float too large for page by 30.18396pt on input line 315.

LaTeX Info: Redefining \. on input line 318.
LaTeX Info: Redefining \% on input line 318.
[32]
LaTeX Info: Redefining \. on input line 318.
LaTeX Info: Redefining \% on input line 318.
 [33 <./figuras/CSIT_CDIT_ASD10_dt05-eps-converted-to.pdf> <./figuras/CSIT_CDIT
_ASD20_dt05-eps-converted-to.pdf>]
LaTeX Info: Redefining \. on input line 318.
LaTeX Info: Redefining \% on input line 318.
 [34 <./figuras/CSIT_CDIT_ASD10_dt1-eps-converted-to.pdf> <./figuras/CSIT_CDIT_
ASD20_dt1-eps-converted-to.pdf>]
Package epstopdf Info: Source file: <figuras/CSIT_CDIT_ASD10_dt05_N4.eps>
(epstopdf)                    date: 2015-07-18 13:20:09
(epstopdf)                    size: 21171 bytes
(epstopdf)             Output file: <figuras/CSIT_CDIT_ASD10_dt05_N4-eps-conver
ted-to.pdf>
(epstopdf)                    date: 2015-07-18 13:20:09
(epstopdf)                    size: 13274 bytes
(epstopdf)             Command: <repstopdf --outfile=figuras/CSIT_CDIT_ASD10_dt
05_N4-eps-converted-to.pdf figuras/CSIT_CDIT_ASD10_dt05_N4.eps>
(epstopdf)             \includegraphics on input line 349.
Package epstopdf Info: Output file is already uptodate.

<figuras/CSIT_CDIT_ASD10_dt05_N4-eps-converted-to.pdf, id=168, 561.09625pt x 42
3.5825pt>
File: figuras/CSIT_CDIT_ASD10_dt05_N4-eps-converted-to.pdf Graphic file (type p
df)
 <use figuras/CSIT_CDIT_ASD10_dt05_N4-eps-converted-to.pdf>
Package pdftex.def Info: figuras/CSIT_CDIT_ASD10_dt05_N4-eps-converted-to.pdf u
sed on input line 349.
(pdftex.def)             Requested size: 561.09488pt x 423.58147pt.
Package epstopdf Info: Source file: <figuras/CSIT_CDIT_ASD20_dt05_N4.eps>
(epstopdf)                    date: 2015-07-18 13:20:09
(epstopdf)                    size: 21171 bytes
(epstopdf)             Output file: <figuras/CSIT_CDIT_ASD20_dt05_N4-eps-conver
ted-to.pdf>
(epstopdf)                    date: 2015-07-18 13:20:09
(epstopdf)                    size: 13215 bytes
(epstopdf)             Command: <repstopdf --outfile=figuras/CSIT_CDIT_ASD20_dt
05_N4-eps-converted-to.pdf figuras/CSIT_CDIT_ASD20_dt05_N4.eps>
(epstopdf)             \includegraphics on input line 350.
Package epstopdf Info: Output file is already uptodate.

<figuras/CSIT_CDIT_ASD20_dt05_N4-eps-converted-to.pdf, id=169, 561.09625pt x 42
3.5825pt>
File: figuras/CSIT_CDIT_ASD20_dt05_N4-eps-converted-to.pdf Graphic file (type p
df)
 <use figuras/CSIT_CDIT_ASD20_dt05_N4-eps-converted-to.pdf>
Package pdftex.def Info: figuras/CSIT_CDIT_ASD20_dt05_N4-eps-converted-to.pdf u
sed on input line 350.
(pdftex.def)             Requested size: 561.09488pt x 423.58147pt.


LaTeX Warning: Float too large for page by 30.19211pt on input line 353.

Package epstopdf Info: Source file: <figuras/CSIT_CDIT_ASD10_dt1_N4.eps>
(epstopdf)                    date: 2015-07-18 13:20:09
(epstopdf)                    size: 21171 bytes
(epstopdf)             Output file: <figuras/CSIT_CDIT_ASD10_dt1_N4-eps-convert
ed-to.pdf>
(epstopdf)                    date: 2015-07-18 13:20:09
(epstopdf)                    size: 13273 bytes
(epstopdf)             Command: <repstopdf --outfile=figuras/CSIT_CDIT_ASD10_dt
1_N4-eps-converted-to.pdf figuras/CSIT_CDIT_ASD10_dt1_N4.eps>
(epstopdf)             \includegraphics on input line 357.
Package epstopdf Info: Output file is already uptodate.

<figuras/CSIT_CDIT_ASD10_dt1_N4-eps-converted-to.pdf, id=170, 561.09625pt x 423
.5825pt>
File: figuras/CSIT_CDIT_ASD10_dt1_N4-eps-converted-to.pdf Graphic file (type pd
f)
 <use figuras/CSIT_CDIT_ASD10_dt1_N4-eps-converted-to.pdf>
Package pdftex.def Info: figuras/CSIT_CDIT_ASD10_dt1_N4-eps-converted-to.pdf us
ed on input line 357.
(pdftex.def)             Requested size: 561.09488pt x 423.58147pt.
Package epstopdf Info: Source file: <figuras/CSIT_CDIT_ASD20_dt1_N4.eps>
(epstopdf)                    date: 2015-07-18 13:20:09
(epstopdf)                    size: 21168 bytes
(epstopdf)             Output file: <figuras/CSIT_CDIT_ASD20_dt1_N4-eps-convert
ed-to.pdf>
(epstopdf)                    date: 2015-07-18 13:20:09
(epstopdf)                    size: 13281 bytes
(epstopdf)             Command: <repstopdf --outfile=figuras/CSIT_CDIT_ASD20_dt
1_N4-eps-converted-to.pdf figuras/CSIT_CDIT_ASD20_dt1_N4.eps>
(epstopdf)             \includegraphics on input line 358.
Package epstopdf Info: Output file is already uptodate.

<figuras/CSIT_CDIT_ASD20_dt1_N4-eps-converted-to.pdf, id=171, 561.09625pt x 423
.5825pt>
File: figuras/CSIT_CDIT_ASD20_dt1_N4-eps-converted-to.pdf Graphic file (type pd
f)
 <use figuras/CSIT_CDIT_ASD20_dt1_N4-eps-converted-to.pdf>
Package pdftex.def Info: figuras/CSIT_CDIT_ASD20_dt1_N4-eps-converted-to.pdf us
ed on input line 358.
(pdftex.def)             Requested size: 561.09488pt x 423.58147pt.


LaTeX Warning: Float too large for page by 30.19211pt on input line 361.

LaTeX Info: Redefining \. on input line 366.
LaTeX Info: Redefining \% on input line 366.
[35]
LaTeX Info: Redefining \. on input line 366.
LaTeX Info: Redefining \% on input line 366.
 [36]
LaTeX Info: Redefining \. on input line 366.
LaTeX Info: Redefining \% on input line 366.
 [37 <./figuras/CSIT_CDIT_ASD10_dt05_N4-eps-converted-to.pdf> <./figuras/CSIT_C
DIT_ASD20_dt05_N4-eps-converted-to.pdf>]
LaTeX Info: Redefining \. on input line 366.
LaTeX Info: Redefining \% on input line 366.
 [38 <./figuras/CSIT_CDIT_ASD10_dt1_N4-eps-converted-to.pdf> <./figuras/CSIT_CD
IT_ASD20_dt1_N4-eps-converted-to.pdf>]

LaTeX Warning: Citation `Tulino05' on page 39 undefined on input line 395.

LaTeX Info: Redefining \. on input line 416.
LaTeX Info: Redefining \% on input line 416.
[39]
LaTeX Info: Redefining \. on input line 416.
LaTeX Info: Redefining \% on input line 416.
 [40]
Package epstopdf Info: Source file: <figuras/CDIT_CSIT_SNR19_ASD10.eps>
(epstopdf)                    date: 2015-07-18 13:20:09
(epstopdf)                    size: 14956 bytes
(epstopdf)             Output file: <figuras/CDIT_CSIT_SNR19_ASD10-eps-converte
d-to.pdf>
(epstopdf)                    date: 2015-07-18 13:20:09
(epstopdf)                    size: 11426 bytes
(epstopdf)             Command: <repstopdf --outfile=figuras/CDIT_CSIT_SNR19_AS
D10-eps-converted-to.pdf figuras/CDIT_CSIT_SNR19_ASD10.eps>
(epstopdf)             \includegraphics on input line 419.
Package epstopdf Info: Output file is already uptodate.

<figuras/CDIT_CSIT_SNR19_ASD10-eps-converted-to.pdf, id=216, 561.09625pt x 421.
575pt>
File: figuras/CDIT_CSIT_SNR19_ASD10-eps-converted-to.pdf Graphic file (type pdf
)
 <use figuras/CDIT_CSIT_SNR19_ASD10-eps-converted-to.pdf>
Package pdftex.def Info: figuras/CDIT_CSIT_SNR19_ASD10-eps-converted-to.pdf use
d on input line 419.
(pdftex.def)             Requested size: 561.09488pt x 421.57396pt.
Package epstopdf Info: Source file: <figuras/CDIT_CSIT_SNR19_ASD20.eps>
(epstopdf)                    date: 2015-07-18 13:20:09
(epstopdf)                    size: 15005 bytes
(epstopdf)             Output file: <figuras/CDIT_CSIT_SNR19_ASD20-eps-converte
d-to.pdf>
(epstopdf)                    date: 2015-07-18 13:20:09
(epstopdf)                    size: 11407 bytes
(epstopdf)             Command: <repstopdf --outfile=figuras/CDIT_CSIT_SNR19_AS
D20-eps-converted-to.pdf figuras/CDIT_CSIT_SNR19_ASD20.eps>
(epstopdf)             \includegraphics on input line 420.
Package epstopdf Info: Output file is already uptodate.

<figuras/CDIT_CSIT_SNR19_ASD20-eps-converted-to.pdf, id=217, 561.09625pt x 423.
5825pt>
File: figuras/CDIT_CSIT_SNR19_ASD20-eps-converted-to.pdf Graphic file (type pdf
)
 <use figuras/CDIT_CSIT_SNR19_ASD20-eps-converted-to.pdf>
Package pdftex.def Info: figuras/CDIT_CSIT_SNR19_ASD20-eps-converted-to.pdf use
d on input line 420.
(pdftex.def)             Requested size: 561.09488pt x 423.58147pt.


LaTeX Warning: Float too large for page by 43.78804pt on input line 423.

Package epstopdf Info: Source file: <figuras/CDIT_CSIT_SNR19_dt05.eps>
(epstopdf)                    date: 2015-07-18 13:20:09
(epstopdf)                    size: 21778 bytes
(epstopdf)             Output file: <figuras/CDIT_CSIT_SNR19_dt05-eps-converted
-to.pdf>
(epstopdf)                    date: 2015-07-18 13:20:09
(epstopdf)                    size: 16343 bytes
(epstopdf)             Command: <repstopdf --outfile=figuras/CDIT_CSIT_SNR19_dt
05-eps-converted-to.pdf figuras/CDIT_CSIT_SNR19_dt05.eps>
(epstopdf)             \includegraphics on input line 430.
Package epstopdf Info: Output file is already uptodate.

<figuras/CDIT_CSIT_SNR19_dt05-eps-converted-to.pdf, id=218, 561.09625pt x 421.5
75pt>
File: figuras/CDIT_CSIT_SNR19_dt05-eps-converted-to.pdf Graphic file (type pdf)

 <use figuras/CDIT_CSIT_SNR19_dt05-eps-converted-to.pdf>
Package pdftex.def Info: figuras/CDIT_CSIT_SNR19_dt05-eps-converted-to.pdf used
 on input line 430.
(pdftex.def)             Requested size: 561.09488pt x 421.57396pt.
Package epstopdf Info: Source file: <figuras/CDIT_CSIT_SNR19_dt1.eps>
(epstopdf)                    date: 2015-07-18 13:20:09
(epstopdf)                    size: 21725 bytes
(epstopdf)             Output file: <figuras/CDIT_CSIT_SNR19_dt1-eps-converted-
to.pdf>
(epstopdf)                    date: 2015-07-18 13:20:09
(epstopdf)                    size: 16209 bytes
(epstopdf)             Command: <repstopdf --outfile=figuras/CDIT_CSIT_SNR19_dt
1-eps-converted-to.pdf figuras/CDIT_CSIT_SNR19_dt1.eps>
(epstopdf)             \includegraphics on input line 431.
Package epstopdf Info: Output file is already uptodate.

<figuras/CDIT_CSIT_SNR19_dt1-eps-converted-to.pdf, id=219, 561.09625pt x 421.57
5pt>
File: figuras/CDIT_CSIT_SNR19_dt1-eps-converted-to.pdf Graphic file (type pdf)
 <use figuras/CDIT_CSIT_SNR19_dt1-eps-converted-to.pdf>
Package pdftex.def Info: figuras/CDIT_CSIT_SNR19_dt1-eps-converted-to.pdf used 
on input line 431.
(pdftex.def)             Requested size: 561.09488pt x 421.57396pt.


LaTeX Warning: Float too large for page by 44.73238pt on input line 434.

Package epstopdf Info: Source file: <figuras/CDIT_CSIT_SNR19_ASD10_N4.eps>
(epstopdf)                    date: 2015-07-18 13:20:09
(epstopdf)                    size: 14924 bytes
(epstopdf)             Output file: <figuras/CDIT_CSIT_SNR19_ASD10_N4-eps-conve
rted-to.pdf>
(epstopdf)                    date: 2015-07-18 13:20:09
(epstopdf)                    size: 11426 bytes
(epstopdf)             Command: <repstopdf --outfile=figuras/CDIT_CSIT_SNR19_AS
D10_N4-eps-converted-to.pdf figuras/CDIT_CSIT_SNR19_ASD10_N4.eps>
(epstopdf)             \includegraphics on input line 445.
Package epstopdf Info: Output file is already uptodate.

<figuras/CDIT_CSIT_SNR19_ASD10_N4-eps-converted-to.pdf, id=220, 561.09625pt x 4
21.575pt>
File: figuras/CDIT_CSIT_SNR19_ASD10_N4-eps-converted-to.pdf Graphic file (type 
pdf)
 <use figuras/CDIT_CSIT_SNR19_ASD10_N4-eps-converted-to.pdf>
Package pdftex.def Info: figuras/CDIT_CSIT_SNR19_ASD10_N4-eps-converted-to.pdf 
used on input line 445.
(pdftex.def)             Requested size: 561.09488pt x 421.57396pt.
Package epstopdf Info: Source file: <figuras/CDIT_CSIT_SNR19_ASD20_N4.eps>
(epstopdf)                    date: 2015-07-18 13:20:09
(epstopdf)                    size: 14911 bytes
(epstopdf)             Output file: <figuras/CDIT_CSIT_SNR19_ASD20_N4-eps-conve
rted-to.pdf>
(epstopdf)                    date: 2015-07-18 13:20:09
(epstopdf)                    size: 11418 bytes
(epstopdf)             Command: <repstopdf --outfile=figuras/CDIT_CSIT_SNR19_AS
D20_N4-eps-converted-to.pdf figuras/CDIT_CSIT_SNR19_ASD20_N4.eps>
(epstopdf)             \includegraphics on input line 446.
Package epstopdf Info: Output file is already uptodate.

<figuras/CDIT_CSIT_SNR19_ASD20_N4-eps-converted-to.pdf, id=221, 561.09625pt x 4
23.5825pt>
File: figuras/CDIT_CSIT_SNR19_ASD20_N4-eps-converted-to.pdf Graphic file (type 
pdf)
 <use figuras/CDIT_CSIT_SNR19_ASD20_N4-eps-converted-to.pdf>
Package pdftex.def Info: figuras/CDIT_CSIT_SNR19_ASD20_N4-eps-converted-to.pdf 
used on input line 446.
(pdftex.def)             Requested size: 561.09488pt x 423.58147pt.


LaTeX Warning: Float too large for page by 43.78804pt on input line 449.

Package epstopdf Info: Source file: <figuras/CDIT_CSIT_SNR19_dt05_N4.eps>
(epstopdf)                    date: 2015-07-18 13:20:09
(epstopdf)                    size: 21759 bytes
(epstopdf)             Output file: <figuras/CDIT_CSIT_SNR19_dt05_N4-eps-conver
ted-to.pdf>
(epstopdf)                    date: 2015-07-18 13:20:09
(epstopdf)                    size: 16570 bytes
(epstopdf)             Command: <repstopdf --outfile=figuras/CDIT_CSIT_SNR19_dt
05_N4-eps-converted-to.pdf figuras/CDIT_CSIT_SNR19_dt05_N4.eps>
(epstopdf)             \includegraphics on input line 454.
Package epstopdf Info: Output file is already uptodate.

<figuras/CDIT_CSIT_SNR19_dt05_N4-eps-converted-to.pdf, id=222, 561.09625pt x 42
3.5825pt>
File: figuras/CDIT_CSIT_SNR19_dt05_N4-eps-converted-to.pdf Graphic file (type p
df)
 <use figuras/CDIT_CSIT_SNR19_dt05_N4-eps-converted-to.pdf>
Package pdftex.def Info: figuras/CDIT_CSIT_SNR19_dt05_N4-eps-converted-to.pdf u
sed on input line 454.
(pdftex.def)             Requested size: 561.09488pt x 423.58147pt.
Package epstopdf Info: Source file: <figuras/CDIT_CSIT_SNR19_dt1_N4.eps>
(epstopdf)                    date: 2015-07-18 13:20:09
(epstopdf)                    size: 21746 bytes
(epstopdf)             Output file: <figuras/CDIT_CSIT_SNR19_dt1_N4-eps-convert
ed-to.pdf>
(epstopdf)                    date: 2015-07-18 13:20:09
(epstopdf)                    size: 16534 bytes
(epstopdf)             Command: <repstopdf --outfile=figuras/CDIT_CSIT_SNR19_dt
1_N4-eps-converted-to.pdf figuras/CDIT_CSIT_SNR19_dt1_N4.eps>
(epstopdf)             \includegraphics on input line 455.
Package epstopdf Info: Output file is already uptodate.

<figuras/CDIT_CSIT_SNR19_dt1_N4-eps-converted-to.pdf, id=223, 561.09625pt x 423
.5825pt>
File: figuras/CDIT_CSIT_SNR19_dt1_N4-eps-converted-to.pdf Graphic file (type pd
f)
 <use figuras/CDIT_CSIT_SNR19_dt1_N4-eps-converted-to.pdf>
Package pdftex.def Info: figuras/CDIT_CSIT_SNR19_dt1_N4-eps-converted-to.pdf us
ed on input line 455.
(pdftex.def)             Requested size: 561.09488pt x 423.58147pt.


LaTeX Warning: Float too large for page by 44.74052pt on input line 458.


Underfull \vbox (badness 2452) has occurred while \output is active []

LaTeX Info: Redefining \. on input line 465.
LaTeX Info: Redefining \% on input line 465.
 [41]
LaTeX Info: Redefining \. on input line 465.
LaTeX Info: Redefining \% on input line 465.

[42 <./figuras/CDIT_CSIT_SNR19_ASD10-eps-converted-to.pdf> <./figuras/CDIT_CSIT
_SNR19_ASD20-eps-converted-to.pdf>]
LaTeX Info: Redefining \. on input line 465.
LaTeX Info: Redefining \% on input line 465.
 [43 <./figuras/CDIT_CSIT_SNR19_dt05-eps-converted-to.pdf> <./figuras/CDIT_CSIT
_SNR19_dt1-eps-converted-to.pdf>]
LaTeX Info: Redefining \. on input line 465.
LaTeX Info: Redefining \% on input line 465.
 [44 <./figuras/CDIT_CSIT_SNR19_ASD10_N4-eps-converted-to.pdf> <./figuras/CDIT_
CSIT_SNR19_ASD20_N4-eps-converted-to.pdf>]
LaTeX Info: Redefining \. on input line 465.
LaTeX Info: Redefining \% on input line 465.
 [45 <./figuras/CDIT_CSIT_SNR19_dt05_N4-eps-converted-to.pdf> <./figuras/CDIT_C
SIT_SNR19_dt1_N4-eps-converted-to.pdf>]
Package epstopdf Info: Source file: <figuras/CDIT_CSIT_SNRm5_ASD10.eps>
(epstopdf)                    date: 2015-07-18 13:20:09
(epstopdf)                    size: 15058 bytes
(epstopdf)             Output file: <figuras/CDIT_CSIT_SNRm5_ASD10-eps-converte
d-to.pdf>
(epstopdf)                    date: 2015-07-18 13:20:09
(epstopdf)                    size: 11491 bytes
(epstopdf)             Command: <repstopdf --outfile=figuras/CDIT_CSIT_SNRm5_AS
D10-eps-converted-to.pdf figuras/CDIT_CSIT_SNRm5_ASD10.eps>
(epstopdf)             \includegraphics on input line 503.
Package epstopdf Info: Output file is already uptodate.

<figuras/CDIT_CSIT_SNRm5_ASD10-eps-converted-to.pdf, id=308, 561.09625pt x 423.
5825pt>
File: figuras/CDIT_CSIT_SNRm5_ASD10-eps-converted-to.pdf Graphic file (type pdf
)
 <use figuras/CDIT_CSIT_SNRm5_ASD10-eps-converted-to.pdf>
Package pdftex.def Info: figuras/CDIT_CSIT_SNRm5_ASD10-eps-converted-to.pdf use
d on input line 503.
(pdftex.def)             Requested size: 561.09488pt x 423.58147pt.
Package epstopdf Info: Source file: <figuras/CDIT_CSIT_SNRm5_ASD20.eps>
(epstopdf)                    date: 2015-07-18 13:20:09
(epstopdf)                    size: 14987 bytes
(epstopdf)             Output file: <figuras/CDIT_CSIT_SNRm5_ASD20-eps-converte
d-to.pdf>
(epstopdf)                    date: 2015-07-18 13:20:09
(epstopdf)                    size: 11494 bytes
(epstopdf)             Command: <repstopdf --outfile=figuras/CDIT_CSIT_SNRm5_AS
D20-eps-converted-to.pdf figuras/CDIT_CSIT_SNRm5_ASD20.eps>
(epstopdf)             \includegraphics on input line 504.
Package epstopdf Info: Output file is already uptodate.

<figuras/CDIT_CSIT_SNRm5_ASD20-eps-converted-to.pdf, id=309, 561.09625pt x 423.
5825pt>
File: figuras/CDIT_CSIT_SNRm5_ASD20-eps-converted-to.pdf Graphic file (type pdf
)
 <use figuras/CDIT_CSIT_SNRm5_ASD20-eps-converted-to.pdf>
Package pdftex.def Info: figuras/CDIT_CSIT_SNRm5_ASD20-eps-converted-to.pdf use
d on input line 504.
(pdftex.def)             Requested size: 561.09488pt x 423.58147pt.


LaTeX Warning: Float too large for page by 43.79211pt on input line 507.

Package epstopdf Info: Source file: <figuras/CDIT_CSIT_SNRm5_dt05.eps>
(epstopdf)                    date: 2015-07-18 13:20:09
(epstopdf)                    size: 21880 bytes
(epstopdf)             Output file: <figuras/CDIT_CSIT_SNRm5_dt05-eps-converted
-to.pdf>
(epstopdf)                    date: 2015-07-18 13:20:09
(epstopdf)                    size: 16543 bytes
(epstopdf)             Command: <repstopdf --outfile=figuras/CDIT_CSIT_SNRm5_dt
05-eps-converted-to.pdf figuras/CDIT_CSIT_SNRm5_dt05.eps>
(epstopdf)             \includegraphics on input line 512.
Package epstopdf Info: Output file is already uptodate.

<figuras/CDIT_CSIT_SNRm5_dt05-eps-converted-to.pdf, id=310, 561.09625pt x 423.5
825pt>
File: figuras/CDIT_CSIT_SNRm5_dt05-eps-converted-to.pdf Graphic file (type pdf)

 <use figuras/CDIT_CSIT_SNRm5_dt05-eps-converted-to.pdf>
Package pdftex.def Info: figuras/CDIT_CSIT_SNRm5_dt05-eps-converted-to.pdf used
 on input line 512.
(pdftex.def)             Requested size: 561.09488pt x 423.58147pt.
Package epstopdf Info: Source file: <figuras/CDIT_CSIT_SNRm5_dt1.eps>
(epstopdf)                    date: 2015-07-18 13:20:09
(epstopdf)                    size: 21925 bytes
(epstopdf)             Output file: <figuras/CDIT_CSIT_SNRm5_dt1-eps-converted-
to.pdf>
(epstopdf)                    date: 2015-07-18 13:20:09
(epstopdf)                    size: 16692 bytes
(epstopdf)             Command: <repstopdf --outfile=figuras/CDIT_CSIT_SNRm5_dt
1-eps-converted-to.pdf figuras/CDIT_CSIT_SNRm5_dt1.eps>
(epstopdf)             \includegraphics on input line 513.
Package epstopdf Info: Output file is already uptodate.

<figuras/CDIT_CSIT_SNRm5_dt1-eps-converted-to.pdf, id=311, 561.09625pt x 423.58
25pt>
File: figuras/CDIT_CSIT_SNRm5_dt1-eps-converted-to.pdf Graphic file (type pdf)
 <use figuras/CDIT_CSIT_SNRm5_dt1-eps-converted-to.pdf>
Package pdftex.def Info: figuras/CDIT_CSIT_SNRm5_dt1-eps-converted-to.pdf used 
on input line 513.
(pdftex.def)             Requested size: 561.09488pt x 423.58147pt.


LaTeX Warning: Float too large for page by 44.74052pt on input line 516.

LaTeX Info: Redefining \. on input line 519.
LaTeX Info: Redefining \% on input line 519.
[46]
LaTeX Info: Redefining \. on input line 519.
LaTeX Info: Redefining \% on input line 519.
 [47 <./figuras/CDIT_CSIT_SNRm5_ASD10-eps-converted-to.pdf> <./figuras/CDIT_CSI
T_SNRm5_ASD20-eps-converted-to.pdf>]
LaTeX Info: Redefining \. on input line 519.
LaTeX Info: Redefining \% on input line 519.
 [48 <./figuras/CDIT_CSIT_SNRm5_dt05-eps-converted-to.pdf> <./figuras/CDIT_CSIT
_SNRm5_dt1-eps-converted-to.pdf>]
Package epstopdf Info: Source file: <figuras/CDIT_CSIT_SNRm5_ASD10_N4.eps>
(epstopdf)                    date: 2015-07-18 13:20:09
(epstopdf)                    size: 14792 bytes
(epstopdf)             Output file: <figuras/CDIT_CSIT_SNRm5_ASD10_N4-eps-conve
rted-to.pdf>
(epstopdf)                    date: 2015-07-18 13:20:09
(epstopdf)                    size: 11488 bytes
(epstopdf)             Command: <repstopdf --outfile=figuras/CDIT_CSIT_SNRm5_AS
D10_N4-eps-converted-to.pdf figuras/CDIT_CSIT_SNRm5_ASD10_N4.eps>
(epstopdf)             \includegraphics on input line 526.
Package epstopdf Info: Output file is already uptodate.

<figuras/CDIT_CSIT_SNRm5_ASD10_N4-eps-converted-to.pdf, id=356, 561.09625pt x 4
23.5825pt>
File: figuras/CDIT_CSIT_SNRm5_ASD10_N4-eps-converted-to.pdf Graphic file (type 
pdf)
 <use figuras/CDIT_CSIT_SNRm5_ASD10_N4-eps-converted-to.pdf>
Package pdftex.def Info: figuras/CDIT_CSIT_SNRm5_ASD10_N4-eps-converted-to.pdf 
used on input line 526.
(pdftex.def)             Requested size: 561.09488pt x 423.58147pt.
Package epstopdf Info: Source file: <figuras/CDIT_CSIT_SNRm5_ASD20_N4.eps>
(epstopdf)                    date: 2015-07-18 13:20:09
(epstopdf)                    size: 14777 bytes
(epstopdf)             Output file: <figuras/CDIT_CSIT_SNRm5_ASD20_N4-eps-conve
rted-to.pdf>
(epstopdf)                    date: 2015-07-18 13:20:09
(epstopdf)                    size: 11492 bytes
(epstopdf)             Command: <repstopdf --outfile=figuras/CDIT_CSIT_SNRm5_AS
D20_N4-eps-converted-to.pdf figuras/CDIT_CSIT_SNRm5_ASD20_N4.eps>
(epstopdf)             \includegraphics on input line 527.
Package epstopdf Info: Output file is already uptodate.

<figuras/CDIT_CSIT_SNRm5_ASD20_N4-eps-converted-to.pdf, id=357, 561.09625pt x 4
23.5825pt>
File: figuras/CDIT_CSIT_SNRm5_ASD20_N4-eps-converted-to.pdf Graphic file (type 
pdf)
 <use figuras/CDIT_CSIT_SNRm5_ASD20_N4-eps-converted-to.pdf>
Package pdftex.def Info: figuras/CDIT_CSIT_SNRm5_ASD20_N4-eps-converted-to.pdf 
used on input line 527.
(pdftex.def)             Requested size: 561.09488pt x 423.58147pt.


LaTeX Warning: Float too large for page by 43.79211pt on input line 530.

Package epstopdf Info: Source file: <figuras/CDIT_CSIT_SNRm5_dt05_N4.eps>
(epstopdf)                    date: 2015-07-18 13:20:09
(epstopdf)                    size: 21846 bytes
(epstopdf)             Output file: <figuras/CDIT_CSIT_SNRm5_dt05_N4-eps-conver
ted-to.pdf>
(epstopdf)                    date: 2015-07-18 13:20:09
(epstopdf)                    size: 16468 bytes
(epstopdf)             Command: <repstopdf --outfile=figuras/CDIT_CSIT_SNRm5_dt
05_N4-eps-converted-to.pdf figuras/CDIT_CSIT_SNRm5_dt05_N4.eps>
(epstopdf)             \includegraphics on input line 535.
Package epstopdf Info: Output file is already uptodate.

<figuras/CDIT_CSIT_SNRm5_dt05_N4-eps-converted-to.pdf, id=358, 561.09625pt x 42
3.5825pt>
File: figuras/CDIT_CSIT_SNRm5_dt05_N4-eps-converted-to.pdf Graphic file (type p
df)
 <use figuras/CDIT_CSIT_SNRm5_dt05_N4-eps-converted-to.pdf>
Package pdftex.def Info: figuras/CDIT_CSIT_SNRm5_dt05_N4-eps-converted-to.pdf u
sed on input line 535.
(pdftex.def)             Requested size: 561.09488pt x 423.58147pt.
Package epstopdf Info: Source file: <figuras/CDIT_CSIT_SNRm5_dt1_N4.eps>
(epstopdf)                    date: 2015-07-18 13:20:09
(epstopdf)                    size: 21854 bytes
(epstopdf)             Output file: <figuras/CDIT_CSIT_SNRm5_dt1_N4-eps-convert
ed-to.pdf>
(epstopdf)                    date: 2015-07-18 13:20:09
(epstopdf)                    size: 16509 bytes
(epstopdf)             Command: <repstopdf --outfile=figuras/CDIT_CSIT_SNRm5_dt
1_N4-eps-converted-to.pdf figuras/CDIT_CSIT_SNRm5_dt1_N4.eps>
(epstopdf)             \includegraphics on input line 536.
Package epstopdf Info: Output file is already uptodate.

<figuras/CDIT_CSIT_SNRm5_dt1_N4-eps-converted-to.pdf, id=359, 561.09625pt x 423
.5825pt>
File: figuras/CDIT_CSIT_SNRm5_dt1_N4-eps-converted-to.pdf Graphic file (type pd
f)
 <use figuras/CDIT_CSIT_SNRm5_dt1_N4-eps-converted-to.pdf>
Package pdftex.def Info: figuras/CDIT_CSIT_SNRm5_dt1_N4-eps-converted-to.pdf us
ed on input line 536.
(pdftex.def)             Requested size: 561.09488pt x 423.58147pt.


LaTeX Warning: Float too large for page by 44.74052pt on input line 539.

Package epstopdf Info: Source file: <figuras/comparacion_cdit_bf_M2_N2_dt05.eps
>
(epstopdf)                    date: 2015-07-18 13:20:09
(epstopdf)                    size: 10915 bytes
(epstopdf)             Output file: <figuras/comparacion_cdit_bf_M2_N2_dt05-eps
-converted-to.pdf>
(epstopdf)                    date: 2015-07-18 13:20:09
(epstopdf)                    size: 8414 bytes
(epstopdf)             Command: <repstopdf --outfile=figuras/comparacion_cdit_b
f_M2_N2_dt05-eps-converted-to.pdf figuras/comparacion_cdit_bf_M2_N2_dt05.eps>
(epstopdf)             \includegraphics on input line 549.
Package epstopdf Info: Output file is already uptodate.

<figuras/comparacion_cdit_bf_M2_N2_dt05-eps-converted-to.pdf, id=360, 561.09625
pt x 423.5825pt>
File: figuras/comparacion_cdit_bf_M2_N2_dt05-eps-converted-to.pdf Graphic file 
(type pdf)

<use figuras/comparacion_cdit_bf_M2_N2_dt05-eps-converted-to.pdf>
Package pdftex.def Info: figuras/comparacion_cdit_bf_M2_N2_dt05-eps-converted-t
o.pdf used on input line 549.
(pdftex.def)             Requested size: 561.09488pt x 423.58147pt.
Package epstopdf Info: Source file: <figuras/comparacion_cdit_bf_M2_N2_dt1.eps>

(epstopdf)                    date: 2015-07-18 13:20:09
(epstopdf)                    size: 10689 bytes
(epstopdf)             Output file: <figuras/comparacion_cdit_bf_M2_N2_dt1-eps-
converted-to.pdf>
(epstopdf)                    date: 2015-07-18 13:20:09
(epstopdf)                    size: 8176 bytes
(epstopdf)             Command: <repstopdf --outfile=figuras/comparacion_cdit_b
f_M2_N2_dt1-eps-converted-to.pdf figuras/comparacion_cdit_bf_M2_N2_dt1.eps>
(epstopdf)             \includegraphics on input line 550.
Package epstopdf Info: Output file is already uptodate.

<figuras/comparacion_cdit_bf_M2_N2_dt1-eps-converted-to.pdf, id=361, 561.09625p
t x 421.575pt>
File: figuras/comparacion_cdit_bf_M2_N2_dt1-eps-converted-to.pdf Graphic file (
type pdf)

<use figuras/comparacion_cdit_bf_M2_N2_dt1-eps-converted-to.pdf>
Package pdftex.def Info: figuras/comparacion_cdit_bf_M2_N2_dt1-eps-converted-to
.pdf used on input line 550.
(pdftex.def)             Requested size: 561.09488pt x 421.57396pt.
Package epstopdf Info: Source file: <figuras/comparacion_cdit_bf_M2_N2_dt2.eps>

(epstopdf)                    date: 2015-07-18 13:20:09
(epstopdf)                    size: 10701 bytes
(epstopdf)             Output file: <figuras/comparacion_cdit_bf_M2_N2_dt2-eps-
converted-to.pdf>
(epstopdf)                    date: 2015-07-18 13:20:09
(epstopdf)                    size: 8228 bytes
(epstopdf)             Command: <repstopdf --outfile=figuras/comparacion_cdit_b
f_M2_N2_dt2-eps-converted-to.pdf figuras/comparacion_cdit_bf_M2_N2_dt2.eps>
(epstopdf)             \includegraphics on input line 551.
Package epstopdf Info: Output file is already uptodate.

<figuras/comparacion_cdit_bf_M2_N2_dt2-eps-converted-to.pdf, id=362, 561.09625p
t x 423.5825pt>
File: figuras/comparacion_cdit_bf_M2_N2_dt2-eps-converted-to.pdf Graphic file (
type pdf)

<use figuras/comparacion_cdit_bf_M2_N2_dt2-eps-converted-to.pdf>
Package pdftex.def Info: figuras/comparacion_cdit_bf_M2_N2_dt2-eps-converted-to
.pdf used on input line 551.
(pdftex.def)             Requested size: 561.09488pt x 423.58147pt.


LaTeX Warning: Float too large for page by 82.57442pt on input line 554.

Package epstopdf Info: Source file: <figuras/comparacion_cdit_bf_M2_N2_ASD2.eps
>
(epstopdf)                    date: 2015-07-18 13:20:09
(epstopdf)                    size: 9599 bytes
(epstopdf)             Output file: <figuras/comparacion_cdit_bf_M2_N2_ASD2-eps
-converted-to.pdf>
(epstopdf)                    date: 2015-07-18 13:20:09
(epstopdf)                    size: 8492 bytes
(epstopdf)             Command: <repstopdf --outfile=figuras/comparacion_cdit_b
f_M2_N2_ASD2-eps-converted-to.pdf figuras/comparacion_cdit_bf_M2_N2_ASD2.eps>
(epstopdf)             \includegraphics on input line 558.
Package epstopdf Info: Output file is already uptodate.

<figuras/comparacion_cdit_bf_M2_N2_ASD2-eps-converted-to.pdf, id=363, 561.09625
pt x 423.5825pt>
File: figuras/comparacion_cdit_bf_M2_N2_ASD2-eps-converted-to.pdf Graphic file 
(type pdf)

<use figuras/comparacion_cdit_bf_M2_N2_ASD2-eps-converted-to.pdf>
Package pdftex.def Info: figuras/comparacion_cdit_bf_M2_N2_ASD2-eps-converted-t
o.pdf used on input line 558.
(pdftex.def)             Requested size: 561.09488pt x 423.58147pt.
Package epstopdf Info: Source file: <figuras/comparacion_cdit_bf_M2_N2_ASD10.ep
s>
(epstopdf)                    date: 2015-07-18 13:20:09
(epstopdf)                    size: 9498 bytes
(epstopdf)             Output file: <figuras/comparacion_cdit_bf_M2_N2_ASD10-ep
s-converted-to.pdf>
(epstopdf)                    date: 2015-07-18 13:20:09
(epstopdf)                    size: 8318 bytes
(epstopdf)             Command: <repstopdf --outfile=figuras/comparacion_cdit_b
f_M2_N2_ASD10-eps-converted-to.pdf figuras/comparacion_cdit_bf_M2_N2_ASD10.eps>

(epstopdf)             \includegraphics on input line 559.
Package epstopdf Info: Output file is already uptodate.

<figuras/comparacion_cdit_bf_M2_N2_ASD10-eps-converted-to.pdf, id=364, 561.0962
5pt x 421.575pt>
File: figuras/comparacion_cdit_bf_M2_N2_ASD10-eps-converted-to.pdf Graphic file
 (type pdf)

<use figuras/comparacion_cdit_bf_M2_N2_ASD10-eps-converted-to.pdf>
Package pdftex.def Info: figuras/comparacion_cdit_bf_M2_N2_ASD10-eps-converted-
to.pdf used on input line 559.
(pdftex.def)             Requested size: 561.09488pt x 421.57396pt.
Package epstopdf Info: Source file: <figuras/comparacion_cdit_bf_M2_N2_ASD16.ep
s>
(epstopdf)                    date: 2015-07-18 13:20:09
(epstopdf)                    size: 9490 bytes
(epstopdf)             Output file: <figuras/comparacion_cdit_bf_M2_N2_ASD16-ep
s-converted-to.pdf>
(epstopdf)                    date: 2015-07-18 13:20:09
(epstopdf)                    size: 8340 bytes
(epstopdf)             Command: <repstopdf --outfile=figuras/comparacion_cdit_b
f_M2_N2_ASD16-eps-converted-to.pdf figuras/comparacion_cdit_bf_M2_N2_ASD16.eps>

(epstopdf)             \includegraphics on input line 560.
Package epstopdf Info: Output file is already uptodate.

<figuras/comparacion_cdit_bf_M2_N2_ASD16-eps-converted-to.pdf, id=365, 561.0962
5pt x 421.575pt>
File: figuras/comparacion_cdit_bf_M2_N2_ASD16-eps-converted-to.pdf Graphic file
 (type pdf)

<use figuras/comparacion_cdit_bf_M2_N2_ASD16-eps-converted-to.pdf>
Package pdftex.def Info: figuras/comparacion_cdit_bf_M2_N2_ASD16-eps-converted-
to.pdf used on input line 560.
(pdftex.def)             Requested size: 561.09488pt x 421.57396pt.


LaTeX Warning: Float too large for page by 81.62769pt on input line 563.

LaTeX Info: Redefining \. on input line 568.
LaTeX Info: Redefining \% on input line 568.
[49]
LaTeX Info: Redefining \. on input line 568.
LaTeX Info: Redefining \% on input line 568.
 [50 <./figuras/CDIT_CSIT_SNRm5_ASD10_N4-eps-converted-to.pdf> <./figuras/CDIT_
CSIT_SNRm5_ASD20_N4-eps-converted-to.pdf>]
LaTeX Info: Redefining \. on input line 568.
LaTeX Info: Redefining \% on input line 568.
 [51 <./figuras/CDIT_CSIT_SNRm5_dt05_N4-eps-converted-to.pdf> <./figuras/CDIT_C
SIT_SNRm5_dt1_N4-eps-converted-to.pdf>]
LaTeX Info: Redefining \. on input line 568.
LaTeX Info: Redefining \% on input line 568.
 [52 <./figuras/comparacion_cdit_bf_M2_N2_dt05-eps-converted-to.pdf> <./figuras
/comparacion_cdit_bf_M2_N2_dt1-eps-converted-to.pdf> <./figuras/comparacion_cdi
t_bf_M2_N2_dt2-eps-converted-to.pdf>]
LaTeX Info: Redefining \. on input line 568.
LaTeX Info: Redefining \% on input line 568.
 [53 <./figuras/comparacion_cdit_bf_M2_N2_ASD2-eps-converted-to.pdf> <./figuras
/comparacion_cdit_bf_M2_N2_ASD10-eps-converted-to.pdf> <./figuras/comparacion_c
dit_bf_M2_N2_ASD16-eps-converted-to.pdf>])
LaTeX Info: Redefining \. on input line 250.
LaTeX Info: Redefining \% on input line 250.
 [54]
Cap\'{\i }tulo 4.
(./capitulo4/4_ortogonalidad.tex [55

]

LaTeX Warning: Reference `anexo' on page 56 undefined on input line 39.

LaTeX Info: Redefining \. on input line 46.
LaTeX Info: Redefining \% on input line 46.
[56]
LaTeX Info: Redefining \. on input line 84.
LaTeX Info: Redefining \% on input line 84.
 [57]
LaTeX Info: Redefining \. on input line 117.
LaTeX Info: Redefining \% on input line 117.
 [58]

LaTeX Warning: Citation `tensor' on page 59 undefined on input line 150.

LaTeX Info: Redefining \. on input line 157.
LaTeX Info: Redefining \% on input line 157.
[59]
Package epstopdf Info: Source file: <figuras/orto_barridoM_N2_ASD5.eps>
(epstopdf)                    date: 2015-07-18 13:20:09
(epstopdf)                    size: 12871 bytes
(epstopdf)             Output file: <figuras/orto_barridoM_N2_ASD5-eps-converte
d-to.pdf>
(epstopdf)                    date: 2015-07-18 13:20:09
(epstopdf)                    size: 9992 bytes
(epstopdf)             Command: <repstopdf --outfile=figuras/orto_barridoM_N2_A
SD5-eps-converted-to.pdf figuras/orto_barridoM_N2_ASD5.eps>
(epstopdf)             \includegraphics on input line 172.
Package epstopdf Info: Output file is already uptodate.

<figuras/orto_barridoM_N2_ASD5-eps-converted-to.pdf, id=484, 561.09625pt x 423.
5825pt>
File: figuras/orto_barridoM_N2_ASD5-eps-converted-to.pdf Graphic file (type pdf
)
 <use figuras/orto_barridoM_N2_ASD5-eps-converted-to.pdf>
Package pdftex.def Info: figuras/orto_barridoM_N2_ASD5-eps-converted-to.pdf use
d on input line 172.
(pdftex.def)             Requested size: 561.09488pt x 423.58147pt.
Package epstopdf Info: Source file: <figuras/orto_barridoM_N2_ASD10.eps>
(epstopdf)                    date: 2015-07-18 13:20:09
(epstopdf)                    size: 12867 bytes
(epstopdf)             Output file: <figuras/orto_barridoM_N2_ASD10-eps-convert
ed-to.pdf>
(epstopdf)                    date: 2015-07-18 13:20:09
(epstopdf)                    size: 9993 bytes
(epstopdf)             Command: <repstopdf --outfile=figuras/orto_barridoM_N2_A
SD10-eps-converted-to.pdf figuras/orto_barridoM_N2_ASD10.eps>
(epstopdf)             \includegraphics on input line 173.
Package epstopdf Info: Output file is already uptodate.

<figuras/orto_barridoM_N2_ASD10-eps-converted-to.pdf, id=485, 561.09625pt x 423
.5825pt>
File: figuras/orto_barridoM_N2_ASD10-eps-converted-to.pdf Graphic file (type pd
f)
 <use figuras/orto_barridoM_N2_ASD10-eps-converted-to.pdf>
Package pdftex.def Info: figuras/orto_barridoM_N2_ASD10-eps-converted-to.pdf us
ed on input line 173.
(pdftex.def)             Requested size: 561.09488pt x 423.58147pt.
Package epstopdf Info: Source file: <figuras/orto_barridoM_N2_ASD20.eps>
(epstopdf)                    date: 2015-07-18 13:20:09
(epstopdf)                    size: 12859 bytes
(epstopdf)             Output file: <figuras/orto_barridoM_N2_ASD20-eps-convert
ed-to.pdf>
(epstopdf)                    date: 2015-07-18 13:20:09
(epstopdf)                    size: 9959 bytes
(epstopdf)             Command: <repstopdf --outfile=figuras/orto_barridoM_N2_A
SD20-eps-converted-to.pdf figuras/orto_barridoM_N2_ASD20.eps>
(epstopdf)             \includegraphics on input line 174.
Package epstopdf Info: Output file is already uptodate.

<figuras/orto_barridoM_N2_ASD20-eps-converted-to.pdf, id=486, 561.09625pt x 423
.5825pt>
File: figuras/orto_barridoM_N2_ASD20-eps-converted-to.pdf Graphic file (type pd
f)
 <use figuras/orto_barridoM_N2_ASD20-eps-converted-to.pdf>
Package pdftex.def Info: figuras/orto_barridoM_N2_ASD20-eps-converted-to.pdf us
ed on input line 174.
(pdftex.def)             Requested size: 561.09488pt x 423.58147pt.


LaTeX Warning: Float too large for page by 68.02432pt on input line 177.

Package epstopdf Info: Source file: <figuras/orto_barridoM_N2_dt05.eps>
(epstopdf)                    date: 2015-07-18 13:20:09
(epstopdf)                    size: 15461 bytes
(epstopdf)             Output file: <figuras/orto_barridoM_N2_dt05-eps-converte
d-to.pdf>
(epstopdf)                    date: 2015-07-18 13:20:09
(epstopdf)                    size: 10764 bytes
(epstopdf)             Command: <repstopdf --outfile=figuras/orto_barridoM_N2_d
t05-eps-converted-to.pdf figuras/orto_barridoM_N2_dt05.eps>
(epstopdf)             \includegraphics on input line 183.
Package epstopdf Info: Output file is already uptodate.

<figuras/orto_barridoM_N2_dt05-eps-converted-to.pdf, id=487, 561.09625pt x 423.
5825pt>
File: figuras/orto_barridoM_N2_dt05-eps-converted-to.pdf Graphic file (type pdf
)
 <use figuras/orto_barridoM_N2_dt05-eps-converted-to.pdf>
Package pdftex.def Info: figuras/orto_barridoM_N2_dt05-eps-converted-to.pdf use
d on input line 183.
(pdftex.def)             Requested size: 561.09488pt x 423.58147pt.
Package epstopdf Info: Source file: <figuras/orto_barridoM_N2_dt1.eps>
(epstopdf)                    date: 2015-07-18 13:20:09
(epstopdf)                    size: 15469 bytes
(epstopdf)             Output file: <figuras/orto_barridoM_N2_dt1-eps-converted
-to.pdf>
(epstopdf)                    date: 2015-07-18 13:20:09
(epstopdf)                    size: 10826 bytes
(epstopdf)             Command: <repstopdf --outfile=figuras/orto_barridoM_N2_d
t1-eps-converted-to.pdf figuras/orto_barridoM_N2_dt1.eps>
(epstopdf)             \includegraphics on input line 184.
Package epstopdf Info: Output file is already uptodate.

<figuras/orto_barridoM_N2_dt1-eps-converted-to.pdf, id=488, 561.09625pt x 423.5
825pt>
File: figuras/orto_barridoM_N2_dt1-eps-converted-to.pdf Graphic file (type pdf)

 <use figuras/orto_barridoM_N2_dt1-eps-converted-to.pdf>
Package pdftex.def Info: figuras/orto_barridoM_N2_dt1-eps-converted-to.pdf used
 on input line 184.
(pdftex.def)             Requested size: 561.09488pt x 423.58147pt.
Package epstopdf Info: Source file: <figuras/orto_barridoM_N2_dt2.eps>
(epstopdf)                    date: 2015-07-18 13:20:09
(epstopdf)                    size: 15455 bytes
(epstopdf)             Output file: <figuras/orto_barridoM_N2_dt2-eps-converted
-to.pdf>
(epstopdf)                    date: 2015-07-18 13:20:09
(epstopdf)                    size: 10798 bytes
(epstopdf)             Command: <repstopdf --outfile=figuras/orto_barridoM_N2_d
t2-eps-converted-to.pdf figuras/orto_barridoM_N2_dt2.eps>
(epstopdf)             \includegraphics on input line 185.
Package epstopdf Info: Output file is already uptodate.

<figuras/orto_barridoM_N2_dt2-eps-converted-to.pdf, id=489, 561.09625pt x 423.5
825pt>
File: figuras/orto_barridoM_N2_dt2-eps-converted-to.pdf Graphic file (type pdf)

 <use figuras/orto_barridoM_N2_dt2-eps-converted-to.pdf>
Package pdftex.def Info: figuras/orto_barridoM_N2_dt2-eps-converted-to.pdf used
 on input line 185.
(pdftex.def)             Requested size: 561.09488pt x 423.58147pt.


LaTeX Warning: Float too large for page by 68.02432pt on input line 188.

LaTeX Info: Redefining \. on input line 192.
LaTeX Info: Redefining \% on input line 192.
[60]
LaTeX Info: Redefining \. on input line 192.
LaTeX Info: Redefining \% on input line 192.
 [61 <./figuras/orto_barridoM_N2_ASD5-eps-converted-to.pdf> <./figuras/orto_bar
ridoM_N2_ASD10-eps-converted-to.pdf> <./figuras/orto_barridoM_N2_ASD20-eps-conv
erted-to.pdf>]
LaTeX Info: Redefining \. on input line 192.
LaTeX Info: Redefining \% on input line 192.
 [62 <./figuras/orto_barridoM_N2_dt05-eps-converted-to.pdf> <./figuras/orto_bar
ridoM_N2_dt1-eps-converted-to.pdf> <./figuras/orto_barridoM_N2_dt2-eps-converte
d-to.pdf>]
Package epstopdf Info: Source file: <figuras/orto_barridoM_N4_ASD10.eps>
(epstopdf)                    date: 2015-07-18 13:20:09
(epstopdf)                    size: 13436 bytes
(epstopdf)             Output file: <figuras/orto_barridoM_N4_ASD10-eps-convert
ed-to.pdf>
(epstopdf)                    date: 2015-07-18 13:20:09
(epstopdf)                    size: 10188 bytes
(epstopdf)             Command: <repstopdf --outfile=figuras/orto_barridoM_N4_A
SD10-eps-converted-to.pdf figuras/orto_barridoM_N4_ASD10.eps>
(epstopdf)             \includegraphics on input line 205.
Package epstopdf Info: Output file is already uptodate.

<figuras/orto_barridoM_N4_ASD10-eps-converted-to.pdf, id=551, 561.09625pt x 423
.5825pt>
File: figuras/orto_barridoM_N4_ASD10-eps-converted-to.pdf Graphic file (type pd
f)
 <use figuras/orto_barridoM_N4_ASD10-eps-converted-to.pdf>
Package pdftex.def Info: figuras/orto_barridoM_N4_ASD10-eps-converted-to.pdf us
ed on input line 205.
(pdftex.def)             Requested size: 561.09488pt x 423.58147pt.
Package epstopdf Info: Source file: <figuras/orto_barridoM_N4dt1.eps>
(epstopdf)                    date: 2015-07-18 13:20:09
(epstopdf)                    size: 15093 bytes
(epstopdf)             Output file: <figuras/orto_barridoM_N4dt1-eps-converted-
to.pdf>
(epstopdf)                    date: 2015-07-18 13:20:09
(epstopdf)                    size: 10674 bytes
(epstopdf)             Command: <repstopdf --outfile=figuras/orto_barridoM_N4dt
1-eps-converted-to.pdf figuras/orto_barridoM_N4dt1.eps>
(epstopdf)             \includegraphics on input line 206.
Package epstopdf Info: Output file is already uptodate.

<figuras/orto_barridoM_N4dt1-eps-converted-to.pdf, id=552, 561.09625pt x 423.58
25pt>
File: figuras/orto_barridoM_N4dt1-eps-converted-to.pdf Graphic file (type pdf)
 <use figuras/orto_barridoM_N4dt1-eps-converted-to.pdf>
Package pdftex.def Info: figuras/orto_barridoM_N4dt1-eps-converted-to.pdf used 
on input line 206.
(pdftex.def)             Requested size: 561.09488pt x 423.58147pt.


LaTeX Warning: Float too large for page by 16.5921pt on input line 209.

Package epstopdf Info: Source file: <figuras/orto_barridoM_NM_ASD10.eps>
(epstopdf)                    date: 2015-07-18 13:20:09
(epstopdf)                    size: 13475 bytes
(epstopdf)             Output file: <figuras/orto_barridoM_NM_ASD10-eps-convert
ed-to.pdf>
(epstopdf)                    date: 2015-07-18 13:20:09
(epstopdf)                    size: 10189 bytes
(epstopdf)             Command: <repstopdf --outfile=figuras/orto_barridoM_NM_A
SD10-eps-converted-to.pdf figuras/orto_barridoM_NM_ASD10.eps>
(epstopdf)             \includegraphics on input line 220.
Package epstopdf Info: Output file is already uptodate.

<figuras/orto_barridoM_NM_ASD10-eps-converted-to.pdf, id=553, 561.09625pt x 421
.575pt>
File: figuras/orto_barridoM_NM_ASD10-eps-converted-to.pdf Graphic file (type pd
f)
 <use figuras/orto_barridoM_NM_ASD10-eps-converted-to.pdf>
Package pdftex.def Info: figuras/orto_barridoM_NM_ASD10-eps-converted-to.pdf us
ed on input line 220.
(pdftex.def)             Requested size: 561.09488pt x 421.57396pt.
Package epstopdf Info: Source file: <figuras/orto_barridoM_NM_dt1.eps>
(epstopdf)                    date: 2015-07-18 13:20:09
(epstopdf)                    size: 15589 bytes
(epstopdf)             Output file: <figuras/orto_barridoM_NM_dt1-eps-converted
-to.pdf>
(epstopdf)                    date: 2015-07-18 13:20:09
(epstopdf)                    size: 10818 bytes
(epstopdf)             Command: <repstopdf --outfile=figuras/orto_barridoM_NM_d
t1-eps-converted-to.pdf figuras/orto_barridoM_NM_dt1.eps>
(epstopdf)             \includegraphics on input line 221.
Package epstopdf Info: Output file is already uptodate.

<figuras/orto_barridoM_NM_dt1-eps-converted-to.pdf, id=554, 561.09625pt x 421.5
75pt>
File: figuras/orto_barridoM_NM_dt1-eps-converted-to.pdf Graphic file (type pdf)

 <use figuras/orto_barridoM_NM_dt1-eps-converted-to.pdf>
Package pdftex.def Info: figuras/orto_barridoM_NM_dt1-eps-converted-to.pdf used
 on input line 221.
(pdftex.def)             Requested size: 561.09488pt x 421.57396pt.


LaTeX Warning: Float too large for page by 16.58395pt on input line 224.

LaTeX Info: Redefining \. on input line 229.
LaTeX Info: Redefining \% on input line 229.
[63]
LaTeX Info: Redefining \. on input line 229.
LaTeX Info: Redefining \% on input line 229.
 [64 <./figuras/orto_barridoM_N4_ASD10-eps-converted-to.pdf> <./figuras/orto_ba
rridoM_N4dt1-eps-converted-to.pdf>]
LaTeX Info: Redefining \. on input line 229.
LaTeX Info: Redefining \% on input line 229.
 [65 <./figuras/orto_barridoM_NM_ASD10-eps-converted-to.pdf> <./figuras/orto_ba
rridoM_NM_dt1-eps-converted-to.pdf>]
Package epstopdf Info: Source file: <figuras/orto_M50_iid_ASD10.eps>
(epstopdf)                    date: 2015-07-18 13:20:09
(epstopdf)                    size: 12152 bytes
(epstopdf)             Output file: <figuras/orto_M50_iid_ASD10-eps-converted-t
o.pdf>
(epstopdf)                    date: 2015-07-18 13:20:09
(epstopdf)                    size: 8817 bytes
(epstopdf)             Command: <repstopdf --outfile=figuras/orto_M50_iid_ASD10
-eps-converted-to.pdf figuras/orto_M50_iid_ASD10.eps>
(epstopdf)             \includegraphics on input line 235.
Package epstopdf Info: Output file is already uptodate.

<figuras/orto_M50_iid_ASD10-eps-converted-to.pdf, id=598, 561.09625pt x 423.582
5pt>
File: figuras/orto_M50_iid_ASD10-eps-converted-to.pdf Graphic file (type pdf)
 <use figuras/orto_M50_iid_ASD10-eps-converted-to.pdf>
Package pdftex.def Info: figuras/orto_M50_iid_ASD10-eps-converted-to.pdf used o
n input line 235.
(pdftex.def)             Requested size: 561.09488pt x 423.58147pt.
Package epstopdf Info: Source file: <figuras/orto_M50_iid_dt1.eps>
(epstopdf)                    date: 2015-07-18 13:20:09
(epstopdf)                    size: 16544 bytes
(epstopdf)             Output file: <figuras/orto_M50_iid_dt1-eps-converted-to.
pdf>
(epstopdf)                    date: 2015-07-18 13:20:09
(epstopdf)                    size: 11424 bytes
(epstopdf)             Command: <repstopdf --outfile=figuras/orto_M50_iid_dt1-e
ps-converted-to.pdf figuras/orto_M50_iid_dt1.eps>
(epstopdf)             \includegraphics on input line 236.
Package epstopdf Info: Output file is already uptodate.

<figuras/orto_M50_iid_dt1-eps-converted-to.pdf, id=599, 561.09625pt x 423.5825p
t>
File: figuras/orto_M50_iid_dt1-eps-converted-to.pdf Graphic file (type pdf)
 <use figuras/orto_M50_iid_dt1-eps-converted-to.pdf>
Package pdftex.def Info: figuras/orto_M50_iid_dt1-eps-converted-to.pdf used on 
input line 236.
(pdftex.def)             Requested size: 561.09488pt x 423.58147pt.


LaTeX Warning: Float too large for page by 30.19211pt on input line 239.

)
LaTeX Info: Redefining \. on input line 258.
LaTeX Info: Redefining \% on input line 258.
 [66]
LaTeX Info: Redefining \. on input line 258.
LaTeX Info: Redefining \% on input line 258.
 [67 <./figuras/orto_M50_iid_ASD10-eps-converted-to.pdf> <./figuras/orto_M50_ii
d_dt1-eps-converted-to.pdf>]
LaTeX Info: Redefining \. on input line 258.
LaTeX Info: Redefining \% on input line 258.
 [68

]
Cap\'{\i }tulo 5.

! LaTeX Error: File `capitulo5/5_conclusiones.tex' not found.

Type X to quit or <RETURN> to proceed,
or enter new name. (Default extension: tex)

Enter file name: 
! Emergency stop.
<read *> 
         
l.259 \input{capitulo5/5_conclusiones.tex}
                                          ^^M
*** (cannot \read from terminal in nonstop modes)

 
Here is how much of TeX's memory you used:
 6028 strings out of 493304
 91213 string characters out of 6139871
 155434 words of memory out of 5000000
 9162 multiletter control sequences out of 15000+600000
 88006 words of font info for 173 fonts, out of 8000000 for 9000
 957 hyphenation exceptions out of 8191
 42i,23n,43p,1199b,478s stack positions out of 5000i,500n,10000p,200000b,80000s
!  ==> Fatal error occurred, no output PDF file produced!
